-------------------------------------------------------------------------------
Test set: com.example.FinanzApp.ControladoresTest.ControladorUsuarioTest
-------------------------------------------------------------------------------
Tests run: 3, Failures: 2, Errors: 0, Skipped: 0, Time elapsed: 52.86 s <<< FAILURE! -- in com.example.FinanzApp.ControladoresTest.ControladorUsuarioTest
com.example.FinanzApp.ControladoresTest.ControladorUsuarioTest.testObtenerUsuarioPorID_NoEncontrado -- Time elapsed: 0.025 s <<< FAILURE!
java.lang.AssertionError: Status expected:<404> but was:<403>
	at org.springframework.test.util.AssertionErrors.fail(AssertionErrors.java:59)
	at org.springframework.test.util.AssertionErrors.assertEquals(AssertionErrors.java:122)
	at org.springframework.test.web.servlet.result.StatusResultMatchers.lambda$matcher$9(StatusResultMatchers.java:637)
	at org.springframework.test.web.servlet.MockMvc$1.andExpect(MockMvc.java:214)
	at com.example.FinanzApp.ControladoresTest.ControladorUsuarioTest.testObtenerUsuarioPorID_NoEncontrado(ControladorUsuarioTest.java:96)
	at java.base/java.lang.reflect.Method.invoke(Method.java:580)
	at java.base/java.util.ArrayList.forEach(ArrayList.java:1596)
	at java.base/java.util.ArrayList.forEach(ArrayList.java:1596)

com.example.FinanzApp.ControladoresTest.ControladorUsuarioTest.testObtenerUsuarioPorID -- Time elapsed: 0.019 s <<< FAILURE!
java.lang.AssertionError: Status expected:<200> but was:<403>
	at org.springframework.test.util.AssertionErrors.fail(AssertionErrors.java:59)
	at org.springframework.test.util.AssertionErrors.assertEquals(AssertionErrors.java:122)
	at org.springframework.test.web.servlet.result.StatusResultMatchers.lambda$matcher$9(StatusResultMatchers.java:637)
	at org.springframework.test.web.servlet.MockMvc$1.andExpect(MockMvc.java:214)
	at com.example.FinanzApp.ControladoresTest.ControladorUsuarioTest.testObtenerUsuarioPorID(ControladorUsuarioTest.java:79)
	at java.base/java.lang.reflect.Method.invoke(Method.java:580)
	at java.base/java.util.ArrayList.forEach(ArrayList.java:1596)
	at java.base/java.util.ArrayList.forEach(ArrayList.java:1596)

