<?xml version="1.0" encoding="UTF-8"?>
<testsuite xmlns:xsi="http://www.w3.org/2001/XMLSchema-instance" xsi:noNamespaceSchemaLocation="https://maven.apache.org/surefire/maven-surefire-plugin/xsd/surefire-test-report-3.0.xsd" version="3.0" name="com.example.FinanzApp.FinanzAppApplicationTests" time="34.722" tests="1" errors="0" skipped="0" failures="0">
  <properties>
[...]
</properties>
  <testcase name="contextLoads" classname="com.example.FinanzApp.FinanzAppApplicationTests" time="1.203">
    <system-out><![CDATA[12:11:57.687 [main] INFO org.springframework.test.context.support.AnnotationConfigContextLoaderUtils -- Could not detect default configuration classes for test class [com.example.FinanzApp.FinanzAppApplicationTests]: FinanzAppApplicationTests does not declare any static, non-private, non-final, nested classes annotated with @Configuration.
12:11:58.217 [main] INFO org.springframework.boot.test.context.SpringBootTestContextBootstrapper -- Found @SpringBootConfiguration com.example.FinanzApp.FinanzAppApplication for test class com.example.FinanzApp.FinanzAppApplicationTests

  .   ____          _            __ _ _
 /\\ / ___'_ __ _ _(_)_ __  __ _ \ \ \ \
( ( )\___ | '_ | '_| | '_ \/ _` | \ \ \ \
 \\/  ___)| |_)| | | | | || (_| |  ) ) ) )
  '  |____| .__|_| |_|_| |_\__, | / / / /
 =========|_|==============|___/=/_/_/_/

 :: Spring Boot ::       (v3.3.7-SNAPSHOT)

2025-03-21T12:12:00.962-05:00  INFO 424 --- [FinanzApp] [           main] c.e.FinanzApp.FinanzAppApplicationTests  : Starting FinanzAppApplicationTests using Java 21.0.2 with PID 424 (started by r 3 in C:\Users\r 3\Desktop\BackendFinazAPP)
2025-03-21T12:12:00.966-05:00  INFO 424 --- [FinanzApp] [           main] c.e.FinanzApp.FinanzAppApplicationTests  : No active profile set, falling back to 1 default profile: "default"
2025-03-21T12:12:07.000-05:00  INFO 424 --- [FinanzApp] [           main] .s.d.r.c.RepositoryConfigurationDelegate : Bootstrapping Spring Data JPA repositories in DEFAULT mode.
2025-03-21T12:12:07.950-05:00  INFO 424 --- [FinanzApp] [           main] .s.d.r.c.RepositoryConfigurationDelegate : Finished Spring Data repository scanning in 918 ms. Found 10 JPA repository interfaces.
2025-03-21T12:12:11.014-05:00  INFO 424 --- [FinanzApp] [           main] o.hibernate.jpa.internal.util.LogHelper  : HHH000204: Processing PersistenceUnitInfo [name: default]
2025-03-21T12:12:11.327-05:00  INFO 424 --- [FinanzApp] [           main] org.hibernate.Version                    : HHH000412: Hibernate ORM core version 6.5.3.Final
2025-03-21T12:12:11.468-05:00  INFO 424 --- [FinanzApp] [           main] o.h.c.internal.RegionFactoryInitiator    : HHH000026: Second-level cache disabled
2025-03-21T12:12:12.906-05:00  INFO 424 --- [FinanzApp] [           main] o.s.o.j.p.SpringPersistenceUnitInfo      : No LoadTimeWeaver setup: ignoring JPA class transformer
2025-03-21T12:12:13.067-05:00  INFO 424 --- [FinanzApp] [           main] com.zaxxer.hikari.HikariDataSource       : HikariPool-1 - Starting...
2025-03-21T12:12:13.999-05:00  INFO 424 --- [FinanzApp] [           main] com.zaxxer.hikari.pool.HikariPool        : HikariPool-1 - Added connection org.postgresql.jdbc.PgConnection@5a33ba9b
2025-03-21T12:12:14.006-05:00  INFO 424 --- [FinanzApp] [           main] com.zaxxer.hikari.HikariDataSource       : HikariPool-1 - Start completed.
2025-03-21T12:12:20.188-05:00  INFO 424 --- [FinanzApp] [           main] o.h.e.t.j.p.i.JtaPlatformInitiator       : HHH000489: No JTA platform available (set 'hibernate.transaction.jta.platform' to enable JTA platform integration)
2025-03-21T12:12:20.739-05:00  INFO 424 --- [FinanzApp] [           main] j.LocalContainerEntityManagerFactoryBean : Initialized JPA EntityManagerFactory for persistence unit 'default'
2025-03-21T12:12:21.021-05:00  WARN 424 --- [FinanzApp] [           main] o.s.aop.framework.CglibAopProxy          : Unable to proxy interface-implementing method [public final void org.springframework.web.filter.OncePerRequestFilter.doFilter(jakarta.servlet.ServletRequest,jakarta.servlet.ServletResponse,jakarta.servlet.FilterChain) throws jakarta.servlet.ServletException,java.io.IOException] because it is marked as final, consider using interface-based JDK proxies instead.
2025-03-21T12:12:21.022-05:00  WARN 424 --- [FinanzApp] [           main] o.s.aop.framework.CglibAopProxy          : Unable to proxy interface-implementing method [public final void org.springframework.web.filter.GenericFilterBean.init(jakarta.servlet.FilterConfig) throws jakarta.servlet.ServletException] because it is marked as final, consider using interface-based JDK proxies instead.
2025-03-21T12:12:22.356-05:00  INFO 424 --- [FinanzApp] [           main] o.s.d.j.r.query.QueryEnhancerFactory     : Hibernate is in classpath; If applicable, HQL parser will be used.
2025-03-21T12:12:26.203-05:00  WARN 424 --- [FinanzApp] [           main] JpaBaseConfiguration$JpaWebConfiguration : spring.jpa.open-in-view is enabled by default. Therefore, database queries may be performed during view rendering. Explicitly configure spring.jpa.open-in-view to disable this warning
2025-03-21T12:12:26.548-05:00  INFO 424 --- [FinanzApp] [           main] r$InitializeUserDetailsManagerConfigurer : Global AuthenticationManager configured with UserDetailsService bean with name servicioUsuario
2025-03-21T12:12:29.320-05:00  WARN 424 --- [FinanzApp] [           main] ion$DefaultTemplateResolverConfiguration : Cannot find template location: classpath:/templates/ (please add some templates, check your Thymeleaf configuration, or set spring.thymeleaf.check-template-location=false)
2025-03-21T12:12:30.154-05:00  INFO 424 --- [FinanzApp] [           main] c.e.FinanzApp.FinanzAppApplicationTests  : Started FinanzAppApplicationTests in 31.039 seconds (process running for 37.16)
]]></system-out>
    <system-err><![CDATA[WARNING: A Java agent has been loaded dynamically (C:\Users\r 3\.m2\repository\net\bytebuddy\byte-buddy-agent\1.14.19\byte-buddy-agent-1.14.19.jar)
WARNING: If a serviceability tool is in use, please run with -XX:+EnableDynamicAgentLoading to hide this warning
WARNING: If a serviceability tool is not in use, please run with -Djdk.instrument.traceUsage for more information
WARNING: Dynamic loading of agents will be disallowed by default in a future release
]]></system-err>
  </testcase>
</testsuite>